#
# A fatal error has been detected by the Java Runtime Environment:
#
#  SIGSEGV (0xb) at pc=0x000000010347a835, pid=29603, tid=0x0000000000003103
#
# JRE version: Java(TM) SE Runtime Environment (8.0_241-b07) (build 1.8.0_241-b07)
# Java VM: Java HotSpot(TM) 64-Bit Server VM (25.241-b07 mixed mode bsd-amd64 compressed oops)
# Problematic frame:
# V  [libjvm.dylib+0x27a835]  STWGCTimer::register_gc_start(Ticks const&)+0xb
#
# Failed to write core dump. Core dumps have been disabled. To enable core dumping, try "ulimit -c unlimited" before starting Java again
#
# If you would like to submit a bug report, please visit:
#   http://bugreport.java.com/bugreport/crash.jsp
#

---------------  T H R E A D  ---------------

Current thread (0x00007fae1380c800):  VMThread [stack: 0x0000700003d6c000,0x0000700003e6c000] [id=12547]

siginfo: si_signo: 11 (SIGSEGV), si_code: 1 (SEGV_MAPERR), si_addr: 0x0000000000000000

Registers:
RAX=0x0000000000000000, RBX=0x0000000103b17d48, RCX=0x0002ca11bf5695bf, RDX=0x0000700003e6ba78
RSP=0x0000700003e6b6f0, RBP=0x0000700003e6b6f0, RSI=0x0000700003e6ba78, RDI=0x0000000103b023f0
R8 =0x000000000000011d, R9 =0x0000000000000400, R10=0x00007fae13200000, R11=0x00007fae132047f0
R12=0x000000000000000c, R13=0x0000000000000000, R14=0x00007fae133043e0, R15=0x00007fae11e0ac40
RIP=0x000000010347a835, EFLAGS=0x0000000000010206, ERR=0x0000000000000006
  TRAPNO=0x000000000000000e

Top of Stack: (sp=0x0000700003e6b6f0)
0x0000700003e6b6f0:   0000700003e6bb80 00000001036cefb8
0x0000700003e6b700:   0000000000000000 000000000000002c
0x0000700003e6b710:   0000000203e6bcb8 0000000000000000
0x0000700003e6b720:   0000700003e6bd68 00007fff00000000
0x0000700003e6b730:   0000000000000000 0000000000000000
0x0000700003e6b740:   0000700003e6bce0 0000700003e6bce8
0x0000700003e6b750:   0000700003e6bc10 00007fff9146d388
0x0000700003e6b760:   0000000000000000 0000000000000032
0x0000700003e6b770:   0000000200000010 ffffffffffffffff
0x0000700003e6b780:   0000000103835a09 00007fff9146d388
0x0000700003e6b790:   0000000000000000 0058000032aaaba2
0x0000700003e6b7a0:   0000003000000010 0000700003e6bd10
0x0000700003e6b7b0:   0000700003e6bc30 0000000000000000
0x0000700003e6b7c0:   0000000000000000 0000000000000000
0x0000700003e6b7d0:   2bb52caa9a2700d5 0000700003e6b900
0x0000700003e6b7e0:   0000000103822660 00007fff9146d388
0x0000700003e6b7f0:   ffffffffffffffff 0000000000000000
0x0000700003e6b800:   0000700003e6b8f0 00007fff6aa0bad3
0x0000700003e6b810:   0000000000000000 0000700003e6bc08
0x0000700003e6b820:   0000000000000000 0000000000000000
0x0000700003e6b830:   0000000000000000 0000000000000000
0x0000700003e6b840:   0000000000000000 0000000000000000
0x0000700003e6b850:   0000000000000000 0000000000000000
0x0000700003e6b860:   